  Block.cpp
  BlockBuilder.cpp
  dllmain.cpp
  Extrude.cpp
C:\Users\user\Desktop\software_arch\SoftwareArch_FinalProject\AppLibrary\Extrude.h(56,15): warning C4251: 'Application::Extrude::m_distance': class 'std::basic_string<char,std::char_traits<char>,std::allocator<char>>' needs to have dll-interface to be used by clients of class 'Application::Extrude'
C:\Program Files\Microsoft Visual Studio\2022\Enterprise\VC\Tools\MSVC\14.31.31103\include\xstring(4927): message : see declaration of 'std::basic_string<char,std::char_traits<char>,std::allocator<char>>'
C:\Users\user\Desktop\software_arch\SoftwareArch_FinalProject\AppLibrary\Extrude.h(57,15): warning C4251: 'Application::Extrude::m_targetFace': class 'std::basic_string<char,std::char_traits<char>,std::allocator<char>>' needs to have dll-interface to be used by clients of class 'Application::Extrude'
C:\Program Files\Microsoft Visual Studio\2022\Enterprise\VC\Tools\MSVC\14.31.31103\include\xstring(4927): message : see declaration of 'std::basic_string<char,std::char_traits<char>,std::allocator<char>>'
C:\Users\user\Desktop\software_arch\SoftwareArch_FinalProject\AppLibrary\Extrude.h(58,15): warning C4251: 'Application::Extrude::m_vectorObject': class 'std::basic_string<char,std::char_traits<char>,std::allocator<char>>' needs to have dll-interface to be used by clients of class 'Application::Extrude'
C:\Program Files\Microsoft Visual Studio\2022\Enterprise\VC\Tools\MSVC\14.31.31103\include\xstring(4927): message : see declaration of 'std::basic_string<char,std::char_traits<char>,std::allocator<char>>'
C:\Users\user\Desktop\software_arch\SoftwareArch_FinalProject\AppLibrary\Extrude.h(59,15): warning C4251: 'Application::Extrude::m_isAddition': class 'std::basic_string<char,std::char_traits<char>,std::allocator<char>>' needs to have dll-interface to be used by clients of class 'Application::Extrude'
C:\Program Files\Microsoft Visual Studio\2022\Enterprise\VC\Tools\MSVC\14.31.31103\include\xstring(4927): message : see declaration of 'std::basic_string<char,std::char_traits<char>,std::allocator<char>>'
C:\Users\user\Desktop\software_arch\SoftwareArch_FinalProject\AppLibrary\Extrude.h(60,15): warning C4251: 'Application::Extrude::m_isSubtraction': class 'std::basic_string<char,std::char_traits<char>,std::allocator<char>>' needs to have dll-interface to be used by clients of class 'Application::Extrude'
C:\Program Files\Microsoft Visual Studio\2022\Enterprise\VC\Tools\MSVC\14.31.31103\include\xstring(4927): message : see declaration of 'std::basic_string<char,std::char_traits<char>,std::allocator<char>>'
C:\Users\user\Desktop\software_arch\SoftwareArch_FinalProject\DataReader\DataObjectReader.h(23,47): warning C4251: 'DataObjectReader::m_mapOfReaderFunctions': class 'std::map<std::string,dataReaderFunction,std::less<std::string>,std::allocator<std::pair<const std::string,dataReaderFunction>>>' needs to have dll-interface to be used by clients of class 'DataObjectReader'
C:\Users\user\Desktop\software_arch\SoftwareArch_FinalProject\DataReader\DataObjectReader.h(23): message : see declaration of 'std::map<std::string,dataReaderFunction,std::less<std::string>,std::allocator<std::pair<const std::string,dataReaderFunction>>>'
C:\Users\user\Desktop\software_arch\SoftwareArch_FinalProject\DataReader\DataReaderRegistrant.h(18,14): warning C4251: 'DataReaderRegistrant::m_registrantName': class 'std::basic_string<char,std::char_traits<char>,std::allocator<char>>' needs to have dll-interface to be used by clients of class 'DataReaderRegistrant'
C:\Program Files\Microsoft Visual Studio\2022\Enterprise\VC\Tools\MSVC\14.31.31103\include\xstring(4927): message : see declaration of 'std::basic_string<char,std::char_traits<char>,std::allocator<char>>'
  ExtrudeVersions.cpp
C:\Users\user\Desktop\software_arch\SoftwareArch_FinalProject\AppLibrary\Extrude.h(56,15): warning C4251: 'Application::Extrude::m_distance': class 'std::basic_string<char,std::char_traits<char>,std::allocator<char>>' needs to have dll-interface to be used by clients of class 'Application::Extrude'
C:\Program Files\Microsoft Visual Studio\2022\Enterprise\VC\Tools\MSVC\14.31.31103\include\xstring(4927): message : see declaration of 'std::basic_string<char,std::char_traits<char>,std::allocator<char>>'
C:\Users\user\Desktop\software_arch\SoftwareArch_FinalProject\AppLibrary\Extrude.h(57,15): warning C4251: 'Application::Extrude::m_targetFace': class 'std::basic_string<char,std::char_traits<char>,std::allocator<char>>' needs to have dll-interface to be used by clients of class 'Application::Extrude'
C:\Program Files\Microsoft Visual Studio\2022\Enterprise\VC\Tools\MSVC\14.31.31103\include\xstring(4927): message : see declaration of 'std::basic_string<char,std::char_traits<char>,std::allocator<char>>'
C:\Users\user\Desktop\software_arch\SoftwareArch_FinalProject\AppLibrary\Extrude.h(58,15): warning C4251: 'Application::Extrude::m_vectorObject': class 'std::basic_string<char,std::char_traits<char>,std::allocator<char>>' needs to have dll-interface to be used by clients of class 'Application::Extrude'
C:\Program Files\Microsoft Visual Studio\2022\Enterprise\VC\Tools\MSVC\14.31.31103\include\xstring(4927): message : see declaration of 'std::basic_string<char,std::char_traits<char>,std::allocator<char>>'
C:\Users\user\Desktop\software_arch\SoftwareArch_FinalProject\AppLibrary\Extrude.h(59,15): warning C4251: 'Application::Extrude::m_isAddition': class 'std::basic_string<char,std::char_traits<char>,std::allocator<char>>' needs to have dll-interface to be used by clients of class 'Application::Extrude'
C:\Program Files\Microsoft Visual Studio\2022\Enterprise\VC\Tools\MSVC\14.31.31103\include\xstring(4927): message : see declaration of 'std::basic_string<char,std::char_traits<char>,std::allocator<char>>'
C:\Users\user\Desktop\software_arch\SoftwareArch_FinalProject\AppLibrary\Extrude.h(60,15): warning C4251: 'Application::Extrude::m_isSubtraction': class 'std::basic_string<char,std::char_traits<char>,std::allocator<char>>' needs to have dll-interface to be used by clients of class 'Application::Extrude'
C:\Program Files\Microsoft Visual Studio\2022\Enterprise\VC\Tools\MSVC\14.31.31103\include\xstring(4927): message : see declaration of 'std::basic_string<char,std::char_traits<char>,std::allocator<char>>'
  Feature.cpp
C:\Users\user\Desktop\software_arch\SoftwareArch_FinalProject\AppLibrary\Extrude.h(56,15): warning C4251: 'Application::Extrude::m_distance': class 'std::basic_string<char,std::char_traits<char>,std::allocator<char>>' needs to have dll-interface to be used by clients of class 'Application::Extrude'
C:\Program Files\Microsoft Visual Studio\2022\Enterprise\VC\Tools\MSVC\14.31.31103\include\xstring(4927): message : see declaration of 'std::basic_string<char,std::char_traits<char>,std::allocator<char>>'
C:\Users\user\Desktop\software_arch\SoftwareArch_FinalProject\AppLibrary\Extrude.h(57,15): warning C4251: 'Application::Extrude::m_targetFace': class 'std::basic_string<char,std::char_traits<char>,std::allocator<char>>' needs to have dll-interface to be used by clients of class 'Application::Extrude'
C:\Program Files\Microsoft Visual Studio\2022\Enterprise\VC\Tools\MSVC\14.31.31103\include\xstring(4927): message : see declaration of 'std::basic_string<char,std::char_traits<char>,std::allocator<char>>'
C:\Users\user\Desktop\software_arch\SoftwareArch_FinalProject\AppLibrary\Extrude.h(58,15): warning C4251: 'Application::Extrude::m_vectorObject': class 'std::basic_string<char,std::char_traits<char>,std::allocator<char>>' needs to have dll-interface to be used by clients of class 'Application::Extrude'
C:\Program Files\Microsoft Visual Studio\2022\Enterprise\VC\Tools\MSVC\14.31.31103\include\xstring(4927): message : see declaration of 'std::basic_string<char,std::char_traits<char>,std::allocator<char>>'
C:\Users\user\Desktop\software_arch\SoftwareArch_FinalProject\AppLibrary\Extrude.h(59,15): warning C4251: 'Application::Extrude::m_isAddition': class 'std::basic_string<char,std::char_traits<char>,std::allocator<char>>' needs to have dll-interface to be used by clients of class 'Application::Extrude'
C:\Program Files\Microsoft Visual Studio\2022\Enterprise\VC\Tools\MSVC\14.31.31103\include\xstring(4927): message : see declaration of 'std::basic_string<char,std::char_traits<char>,std::allocator<char>>'
C:\Users\user\Desktop\software_arch\SoftwareArch_FinalProject\AppLibrary\Extrude.h(60,15): warning C4251: 'Application::Extrude::m_isSubtraction': class 'std::basic_string<char,std::char_traits<char>,std::allocator<char>>' needs to have dll-interface to be used by clients of class 'Application::Extrude'
C:\Program Files\Microsoft Visual Studio\2022\Enterprise\VC\Tools\MSVC\14.31.31103\include\xstring(4927): message : see declaration of 'std::basic_string<char,std::char_traits<char>,std::allocator<char>>'
  Journaling_BlockBuilder.cpp
  Journaling_FeatureCollection.cpp
C:\Users\user\Desktop\software_arch\SoftwareArch_FinalProject\AppLibrary\Journaling_FeatureCollection.cpp(2,10): warning C4067: unexpected tokens following preprocessor directive - expected a newline
C:\Users\user\Desktop\software_arch\SoftwareArch_FinalProject\AppLibrary\Journaling_FeatureCollection.cpp(3,10): warning C4067: unexpected tokens following preprocessor directive - expected a newline
C:\Users\user\Desktop\software_arch\SoftwareArch_FinalProject\AppPartOps\PartOps.h(20,15): warning C4251: 'Application::PartFile::m_partFilePath': class 'std::basic_string<char,std::char_traits<char>,std::allocator<char>>' needs to have dll-interface to be used by clients of class 'Application::PartFile'
C:\Program Files\Microsoft Visual Studio\2022\Enterprise\VC\Tools\MSVC\14.31.31103\include\xstring(4927): message : see declaration of 'std::basic_string<char,std::char_traits<char>,std::allocator<char>>'
  Generating Code...
     Creating library C:\Users\user\Desktop\software_arch\SoftwareArch_FinalProject\x64\Debug\APPLIBRARY.lib and object C:\Users\user\Desktop\software_arch\SoftwareArch_FinalProject\x64\Debug\APPLIBRARY.exp
  AppLibrary.vcxproj -> C:\Users\user\Desktop\software_arch\SoftwareArch_FinalProject\x64\Debug\APPLIBRARY.dll
