c:\users\user\desktop\software_arch\softwarearch_finalproject\journaling\x64\debug\vc143.pdb
c:\users\user\desktop\software_arch\softwarearch_finalproject\journaling\x64\debug\vc143.idb
c:\users\user\desktop\software_arch\softwarearch_finalproject\journaling\x64\debug\journaling.obj
c:\users\user\desktop\software_arch\softwarearch_finalproject\journaling\x64\debug\journalfile.obj
c:\users\user\desktop\software_arch\softwarearch_finalproject\journaling\x64\debug\journalcallparamdatastring.obj
c:\users\user\desktop\software_arch\softwarearch_finalproject\journaling\x64\debug\journalcallparamdataclass.obj
c:\users\user\desktop\software_arch\softwarearch_finalproject\journaling\x64\debug\journalcallparamdata.obj
c:\users\user\desktop\software_arch\softwarearch_finalproject\journaling\x64\debug\journalcalldata.obj
c:\users\user\desktop\software_arch\softwarearch_finalproject\journaling\x64\debug\dllmain.obj
c:\users\user\desktop\software_arch\softwarearch_finalproject\x64\debug\journaling.lib
c:\users\user\desktop\software_arch\softwarearch_finalproject\x64\debug\journaling.exp
c:\users\user\desktop\software_arch\softwarearch_finalproject\journaling\x64\debug\journaling.ilk
c:\users\user\desktop\software_arch\softwarearch_finalproject\x64\debug\journaling.dll
c:\users\user\desktop\software_arch\softwarearch_finalproject\x64\debug\journaling.pdb
c:\users\user\desktop\software_arch\softwarearch_finalproject\journaling\x64\debug\journaling.tlog\cl.command.1.tlog
c:\users\user\desktop\software_arch\softwarearch_finalproject\journaling\x64\debug\journaling.tlog\cl.read.1.tlog
c:\users\user\desktop\software_arch\softwarearch_finalproject\journaling\x64\debug\journaling.tlog\cl.write.1.tlog
c:\users\user\desktop\software_arch\softwarearch_finalproject\journaling\x64\debug\journaling.tlog\journaling.write.1u.tlog
c:\users\user\desktop\software_arch\softwarearch_finalproject\journaling\x64\debug\journaling.tlog\link.command.1.tlog
c:\users\user\desktop\software_arch\softwarearch_finalproject\journaling\x64\debug\journaling.tlog\link.read.1.tlog
c:\users\user\desktop\software_arch\softwarearch_finalproject\journaling\x64\debug\journaling.tlog\link.write.1.tlog
