  BI.cpp
  Core.cpp
C:\Users\user\Desktop\software_arch\SoftwareArch_FinalProject\Core\CoreSession.h(39,27): warning C4251: 'CoreSession::m_listObserver': class 'std::list<IObserver *,std::allocator<IObserver *>>' needs to have dll-interface to be used by clients of class 'CoreSession'
C:\Users\user\Desktop\software_arch\SoftwareArch_FinalProject\Core\CoreSession.h(39): message : see declaration of 'std::list<IObserver *,std::allocator<IObserver *>>'
C:\Users\user\Desktop\software_arch\SoftwareArch_FinalProject\Core\CoreSession.h(40,17): warning C4251: 'CoreSession::m_message': class 'std::basic_string<char,std::char_traits<char>,std::allocator<char>>' needs to have dll-interface to be used by clients of class 'CoreSession'
C:\Program Files\Microsoft Visual Studio\2022\Enterprise\VC\Tools\MSVC\14.31.31103\include\xstring(4927): message : see declaration of 'std::basic_string<char,std::char_traits<char>,std::allocator<char>>'
  CoreSession.cpp
C:\Users\user\Desktop\software_arch\SoftwareArch_FinalProject\Core\CoreSession.h(39,27): warning C4251: 'CoreSession::m_listObserver': class 'std::list<IObserver *,std::allocator<IObserver *>>' needs to have dll-interface to be used by clients of class 'CoreSession'
C:\Users\user\Desktop\software_arch\SoftwareArch_FinalProject\Core\CoreSession.h(39): message : see declaration of 'std::list<IObserver *,std::allocator<IObserver *>>'
C:\Users\user\Desktop\software_arch\SoftwareArch_FinalProject\Core\CoreSession.h(40,17): warning C4251: 'CoreSession::m_message': class 'std::basic_string<char,std::char_traits<char>,std::allocator<char>>' needs to have dll-interface to be used by clients of class 'CoreSession'
C:\Program Files\Microsoft Visual Studio\2022\Enterprise\VC\Tools\MSVC\14.31.31103\include\xstring(4927): message : see declaration of 'std::basic_string<char,std::char_traits<char>,std::allocator<char>>'
C:\Users\user\Desktop\software_arch\SoftwareArch_FinalProject\Core\Observer.h(21,21): warning C4251: 'Observer::message_from_subject_': class 'std::basic_string<char,std::char_traits<char>,std::allocator<char>>' needs to have dll-interface to be used by clients of class 'Observer'
C:\Program Files\Microsoft Visual Studio\2022\Enterprise\VC\Tools\MSVC\14.31.31103\include\xstring(4927): message : see declaration of 'std::basic_string<char,std::char_traits<char>,std::allocator<char>>'
  CoreUtiles.cpp
C:\Program Files\Microsoft Visual Studio\2022\Enterprise\VC\Tools\MSVC\14.31.31103\include\xstring(2584,23): warning C4244: 'argument': conversion from 'wchar_t' to 'const _Elem', possible loss of data
          with
          [
              _Elem=char
          ]
C:\Program Files\Microsoft Visual Studio\2022\Enterprise\VC\Tools\MSVC\14.31.31103\include\xstring(2595): message : see reference to function template instantiation 'void std::basic_string<char,std::char_traits<char>,std::allocator<char>>::_Construct<wchar_t*>(_Iter,const _Iter,std::input_iterator_tag)' being compiled
          with
          [
              _Iter=wchar_t *
          ]
C:\Program Files\Microsoft Visual Studio\2022\Enterprise\VC\Tools\MSVC\14.31.31103\include\xstring(2595): message : see reference to function template instantiation 'void std::basic_string<char,std::char_traits<char>,std::allocator<char>>::_Construct<wchar_t*>(_Iter,const _Iter,std::input_iterator_tag)' being compiled
          with
          [
              _Iter=wchar_t *
          ]
C:\Program Files\Microsoft Visual Studio\2022\Enterprise\VC\Tools\MSVC\14.31.31103\include\xstring(2575): message : see reference to function template instantiation 'void std::basic_string<char,std::char_traits<char>,std::allocator<char>>::_Construct<wchar_t*>(const _Iter,const _Iter,std::forward_iterator_tag)' being compiled
          with
          [
              _Iter=wchar_t *
          ]
C:\Program Files\Microsoft Visual Studio\2022\Enterprise\VC\Tools\MSVC\14.31.31103\include\xstring(2575): message : see reference to function template instantiation 'void std::basic_string<char,std::char_traits<char>,std::allocator<char>>::_Construct<wchar_t*>(const _Iter,const _Iter,std::forward_iterator_tag)' being compiled
          with
          [
              _Iter=wchar_t *
          ]
C:\Users\user\Desktop\software_arch\SoftwareArch_FinalProject\Core\CoreUtiles.cpp(18): message : see reference to function template instantiation 'std::basic_string<char,std::char_traits<char>,std::allocator<char>>::basic_string<std::_String_iterator<std::_String_val<std::_Simple_types<_Elem>>>,0>(_Iter,_Iter,const _Alloc &)' being compiled
          with
          [
              _Elem=wchar_t,
              _Iter=std::_String_iterator<std::_String_val<std::_Simple_types<wchar_t>>>,
              _Alloc=std::allocator<char>
          ]
C:\Users\user\Desktop\software_arch\SoftwareArch_FinalProject\Core\CoreUtiles.cpp(18): message : see reference to function template instantiation 'std::basic_string<char,std::char_traits<char>,std::allocator<char>>::basic_string<std::_String_iterator<std::_String_val<std::_Simple_types<_Elem>>>,0>(_Iter,_Iter,const _Alloc &)' being compiled
          with
          [
              _Elem=wchar_t,
              _Iter=std::_String_iterator<std::_String_val<std::_Simple_types<wchar_t>>>,
              _Alloc=std::allocator<char>
          ]
  dllmain.cpp
  GuidObject.cpp
  LibraryLoad.cpp
  Observer.cpp
C:\Users\user\Desktop\software_arch\SoftwareArch_FinalProject\Core\CoreSession.h(39,27): warning C4251: 'CoreSession::m_listObserver': class 'std::list<IObserver *,std::allocator<IObserver *>>' needs to have dll-interface to be used by clients of class 'CoreSession'
C:\Users\user\Desktop\software_arch\SoftwareArch_FinalProject\Core\CoreSession.h(39): message : see declaration of 'std::list<IObserver *,std::allocator<IObserver *>>'
C:\Users\user\Desktop\software_arch\SoftwareArch_FinalProject\Core\CoreSession.h(40,17): warning C4251: 'CoreSession::m_message': class 'std::basic_string<char,std::char_traits<char>,std::allocator<char>>' needs to have dll-interface to be used by clients of class 'CoreSession'
C:\Program Files\Microsoft Visual Studio\2022\Enterprise\VC\Tools\MSVC\14.31.31103\include\xstring(4927): message : see declaration of 'std::basic_string<char,std::char_traits<char>,std::allocator<char>>'
C:\Users\user\Desktop\software_arch\SoftwareArch_FinalProject\Core\Observer.h(21,21): warning C4251: 'Observer::message_from_subject_': class 'std::basic_string<char,std::char_traits<char>,std::allocator<char>>' needs to have dll-interface to be used by clients of class 'Observer'
C:\Program Files\Microsoft Visual Studio\2022\Enterprise\VC\Tools\MSVC\14.31.31103\include\xstring(4927): message : see declaration of 'std::basic_string<char,std::char_traits<char>,std::allocator<char>>'
  StringUtils.cpp
  Generating Code...
     Creating library C:\Users\user\Desktop\software_arch\SoftwareArch_FinalProject\x64\Debug\CORE.lib and object C:\Users\user\Desktop\software_arch\SoftwareArch_FinalProject\x64\Debug\CORE.exp
  Core.vcxproj -> C:\Users\user\Desktop\software_arch\SoftwareArch_FinalProject\x64\Debug\CORE.dll
