c:\users\user\desktop\software_arch\softwarearch_finalproject\x64\debug\applibrary.lib
c:\users\user\desktop\software_arch\softwarearch_finalproject\x64\debug\applibrary.exp
c:\users\user\desktop\software_arch\softwarearch_finalproject\applibrary\x64\debug\vc143.pdb
c:\users\user\desktop\software_arch\softwarearch_finalproject\applibrary\x64\debug\vc143.idb
c:\users\user\desktop\software_arch\softwarearch_finalproject\applibrary\x64\debug\journaling_featurecollection.obj
c:\users\user\desktop\software_arch\softwarearch_finalproject\applibrary\x64\debug\journaling_blockbuilder.obj
c:\users\user\desktop\software_arch\softwarearch_finalproject\applibrary\x64\debug\feature.obj
c:\users\user\desktop\software_arch\softwarearch_finalproject\applibrary\x64\debug\extrudeversions.obj
c:\users\user\desktop\software_arch\softwarearch_finalproject\applibrary\x64\debug\extrude.obj
c:\users\user\desktop\software_arch\softwarearch_finalproject\applibrary\x64\debug\dllmain.obj
c:\users\user\desktop\software_arch\softwarearch_finalproject\applibrary\x64\debug\blockbuilder.obj
c:\users\user\desktop\software_arch\softwarearch_finalproject\applibrary\x64\debug\block.obj
c:\users\user\desktop\software_arch\softwarearch_finalproject\applibrary\x64\debug\applibrary.ilk
c:\users\user\desktop\software_arch\softwarearch_finalproject\x64\debug\applibrary.dll
c:\users\user\desktop\software_arch\softwarearch_finalproject\x64\debug\applibrary.pdb
c:\users\user\desktop\software_arch\softwarearch_finalproject\applibrary\x64\debug\appfeatureops.tlog\appfeatureops.write.1u.tlog
c:\users\user\desktop\software_arch\softwarearch_finalproject\applibrary\x64\debug\appfeatureops.tlog\cl.command.1.tlog
c:\users\user\desktop\software_arch\softwarearch_finalproject\applibrary\x64\debug\appfeatureops.tlog\cl.read.1.tlog
c:\users\user\desktop\software_arch\softwarearch_finalproject\applibrary\x64\debug\appfeatureops.tlog\cl.write.1.tlog
c:\users\user\desktop\software_arch\softwarearch_finalproject\applibrary\x64\debug\appfeatureops.tlog\link.command.1.tlog
c:\users\user\desktop\software_arch\softwarearch_finalproject\applibrary\x64\debug\appfeatureops.tlog\link.read.1.tlog
c:\users\user\desktop\software_arch\softwarearch_finalproject\applibrary\x64\debug\appfeatureops.tlog\link.write.1.tlog
